{"/home/twilightuser/Documents/Learning/addnumber/src/index.js":{"path":"/home/twilightuser/Documents/Learning/addnumber/src/index.js","s":{"1":1,"2":1,"3":1,"4":1,"5":1,"6":0,"7":1,"8":1},"b":{},"f":{"1":0,"2":1},"fnMap":{"1":{"name":"(anonymous_1)","line":17,"loc":{"start":{"line":17,"column":10},"end":{"line":17,"column":28}}},"2":{"name":"(anonymous_2)","line":20,"loc":{"start":{"line":20,"column":11},"end":{"line":20,"column":26}}}},"statementMap":{"1":{"start":{"line":1,"column":0},"end":{"line":1,"column":34}},"2":{"start":{"line":2,"column":0},"end":{"line":2,"column":37}},"3":{"start":{"line":3,"column":0},"end":{"line":3,"column":45}},"4":{"start":{"line":4,"column":0},"end":{"line":4,"column":39}},"5":{"start":{"line":16,"column":0},"end":{"line":22,"column":6}},"6":{"start":{"line":18,"column":8},"end":{"line":18,"column":40}},"7":{"start":{"line":21,"column":8},"end":{"line":21,"column":36}},"8":{"start":{"line":29,"column":4},"end":{"line":31,"column":5}}},"branchMap":{}},"/home/twilightuser/Documents/Learning/addnumber/src/add.js":{"path":"/home/twilightuser/Documents/Learning/addnumber/src/add.js","s":{"1":1,"2":1,"3":1,"4":1,"5":1,"6":0,"7":1,"8":0},"b":{"1":[0,1]},"f":{"1":1,"2":1},"fnMap":{"1":{"name":"(anonymous_1)","line":2,"loc":{"start":{"line":2,"column":9},"end":{"line":2,"column":23}}},"2":{"name":"(anonymous_2)","line":4,"loc":{"start":{"line":4,"column":27},"end":{"line":4,"column":52}}}},"statementMap":{"1":{"start":{"line":1,"column":0},"end":{"line":17,"column":1}},"2":{"start":{"line":4,"column":8},"end":{"line":15,"column":10}},"3":{"start":{"line":5,"column":12},"end":{"line":13,"column":13}},"4":{"start":{"line":6,"column":16},"end":{"line":6,"column":44}},"5":{"start":{"line":7,"column":16},"end":{"line":9,"column":17}},"6":{"start":{"line":8,"column":20},"end":{"line":8,"column":65}},"7":{"start":{"line":10,"column":16},"end":{"line":10,"column":31}},"8":{"start":{"line":12,"column":16},"end":{"line":12,"column":54}}},"branchMap":{"1":{"line":7,"type":"if","locations":[{"start":{"line":7,"column":16},"end":{"line":7,"column":16}},{"start":{"line":7,"column":16},"end":{"line":7,"column":16}}]}}},"/home/twilightuser/Documents/Learning/addnumber/src/sub.js":{"path":"/home/twilightuser/Documents/Learning/addnumber/src/sub.js","s":{"1":1,"2":1,"3":1,"4":1,"5":1,"6":0,"7":1,"8":0},"b":{"1":[0,1]},"f":{"1":1,"2":1},"fnMap":{"1":{"name":"(anonymous_1)","line":2,"loc":{"start":{"line":2,"column":14},"end":{"line":2,"column":28}}},"2":{"name":"(anonymous_2)","line":4,"loc":{"start":{"line":4,"column":27},"end":{"line":4,"column":52}}}},"statementMap":{"1":{"start":{"line":1,"column":0},"end":{"line":17,"column":1}},"2":{"start":{"line":4,"column":8},"end":{"line":15,"column":10}},"3":{"start":{"line":5,"column":12},"end":{"line":13,"column":13}},"4":{"start":{"line":6,"column":16},"end":{"line":6,"column":44}},"5":{"start":{"line":7,"column":16},"end":{"line":9,"column":17}},"6":{"start":{"line":8,"column":20},"end":{"line":8,"column":65}},"7":{"start":{"line":10,"column":16},"end":{"line":10,"column":31}},"8":{"start":{"line":12,"column":16},"end":{"line":12,"column":54}}},"branchMap":{"1":{"line":7,"type":"if","locations":[{"start":{"line":7,"column":16},"end":{"line":7,"column":16}},{"start":{"line":7,"column":16},"end":{"line":7,"column":16}}]}}},"/home/twilightuser/Documents/Learning/addnumber/src/multiple.js":{"path":"/home/twilightuser/Documents/Learning/addnumber/src/multiple.js","s":{"1":1,"2":3,"3":3,"4":2,"5":1,"6":1},"b":{"1":[2,1],"2":[3,3]},"f":{"1":3,"2":3},"fnMap":{"1":{"name":"(anonymous_1)","line":2,"loc":{"start":{"line":2,"column":14},"end":{"line":2,"column":27}}},"2":{"name":"(anonymous_2)","line":3,"loc":{"start":{"line":3,"column":27},"end":{"line":3,"column":51}}}},"statementMap":{"1":{"start":{"line":1,"column":0},"end":{"line":21,"column":1}},"2":{"start":{"line":3,"column":8},"end":{"line":18,"column":10}},"3":{"start":{"line":4,"column":12},"end":{"line":9,"column":13}},"4":{"start":{"line":5,"column":12},"end":{"line":5,"column":52}},"5":{"start":{"line":7,"column":16},"end":{"line":7,"column":35}},"6":{"start":{"line":8,"column":16},"end":{"line":8,"column":32}}},"branchMap":{"1":{"line":4,"type":"if","locations":[{"start":{"line":4,"column":12},"end":{"line":4,"column":12}},{"start":{"line":4,"column":12},"end":{"line":4,"column":12}}]},"2":{"line":4,"type":"binary-expr","locations":[{"start":{"line":4,"column":15},"end":{"line":4,"column":23}},{"start":{"line":4,"column":27},"end":{"line":4,"column":35}}]}}},"/home/twilightuser/Documents/Learning/addnumber/src/division.js":{"path":"/home/twilightuser/Documents/Learning/addnumber/src/division.js","s":{"1":1,"2":1,"3":1,"4":1,"5":1,"6":0},"b":{},"f":{"1":1,"2":1},"fnMap":{"1":{"name":"(anonymous_1)","line":2,"loc":{"start":{"line":2,"column":12},"end":{"line":2,"column":25}}},"2":{"name":"(anonymous_2)","line":3,"loc":{"start":{"line":3,"column":27},"end":{"line":3,"column":51}}}},"statementMap":{"1":{"start":{"line":1,"column":0},"end":{"line":12,"column":1}},"2":{"start":{"line":3,"column":8},"end":{"line":10,"column":10}},"3":{"start":{"line":4,"column":12},"end":{"line":9,"column":13}},"4":{"start":{"line":5,"column":16},"end":{"line":5,"column":39}},"5":{"start":{"line":6,"column":16},"end":{"line":6,"column":32}},"6":{"start":{"line":8,"column":16},"end":{"line":8,"column":54}}},"branchMap":{}}}